0 verbose cli C:\Program Files\nodejs\node.exe C:\Users\vento\AppData\Roaming\npm\node_modules\npm\bin\npm-cli.js
1 info using npm@11.10.1
2 info using node@v24.11.1
3 silly config load:file:C:\Users\vento\AppData\Roaming\npm\node_modules\npm\npmrc
4 silly config load:file:C:\Users\vento\OneDrive\MACBOOK\Escritorio\Vento OS\vento-anima\.npmrc
5 silly config load:file:C:\Users\vento\.npmrc
6 silly config load:file:C:\Users\vento\AppData\Roaming\npm\etc\npmrc
7 verbose title npm view react-native-calendars version
8 verbose argv "view" "react-native-calendars" "version"
9 verbose logfile logs-max:10 dir:C:\Users\vento\OneDrive\MACBOOK\Escritorio\Vento OS\vento-anima\.npm-cache\_logs\2026-02-25T16_12_38_879Z-
10 verbose logfile C:\Users\vento\OneDrive\MACBOOK\Escritorio\Vento OS\vento-anima\.npm-cache\_logs\2026-02-25T16_12_38_879Z-debug-0.log
11 silly logfile start cleaning logs, removing 1 files
12 silly logfile done cleaning log files
13 http fetch GET 200 https://registry.npmjs.org/react-native-calendars 741ms (cache updated)
14 verbose cwd C:\Users\vento\OneDrive\MACBOOK\Escritorio\Vento OS\vento-anima
15 verbose os Windows_NT 10.0.26100
16 verbose node v24.11.1
17 verbose npm  v11.10.1
18 verbose exit 0
19 info ok
