0 verbose cli C:\Program Files\nodejs\node.exe C:\Users\vento\AppData\Roaming\npm\node_modules\npm\bin\npm-cli.js
1 info using npm@11.10.1
2 info using node@v24.11.1
3 silly config load:file:C:\Users\vento\AppData\Roaming\npm\node_modules\npm\npmrc
4 silly config load:file:C:\Users\vento\OneDrive\MACBOOK\Escritorio\Vento OS\vento-anima\.npmrc
5 silly config load:file:C:\Users\vento\.npmrc
6 silly config load:file:C:\Users\vento\AppData\Roaming\npm\etc\npmrc
7 verbose title npm exec expo-doctor --verbose
8 verbose argv "exec" "--" "expo-doctor" "--verbose"
9 verbose logfile logs-max:10 dir:C:\Users\vento\OneDrive\MACBOOK\Escritorio\Vento OS\vento-anima\.npm-cache\_logs\2026-02-25T16_15_20_198Z-
10 verbose logfile C:\Users\vento\OneDrive\MACBOOK\Escritorio\Vento OS\vento-anima\.npm-cache\_logs\2026-02-25T16_15_20_198Z-debug-0.log
11 silly logfile start cleaning logs, removing 1 files
12 silly packumentCache heap:4496293888 maxSize:1124073472 maxEntrySize:562036736
13 silly logfile done cleaning log files
14 http fetch GET 200 https://registry.npmjs.org/expo-doctor 306ms (cache revalidated)
15 silly packumentCache heap:4496293888 maxSize:1124073472 maxEntrySize:562036736
16 silly packumentCache heap:4496293888 maxSize:1124073472 maxEntrySize:562036736
17 verbose cwd C:\Users\vento\OneDrive\MACBOOK\Escritorio\Vento OS\vento-anima
18 verbose os Windows_NT 10.0.26100
19 verbose node v24.11.1
20 verbose npm  v11.10.1
21 verbose exit 1
22 verbose code 1
